# JRE version: Java(TM) SE Runtime Environment (21.0.8+12) (build 21.0.8+12-LTS-250)
# Java VM: Java HotSpot(TM) 64-Bit Server VM (21.0.8+12-LTS-250, mixed mode, sharing, tiered, compressed oops, compressed class ptrs, g1 gc, windows-amd64)
GC Precious Log:
 CardTable entry size: 512
 Card Set container configuration: InlinePtr #cards 5 size 8 Array Of Cards #cards 12 size 40 Howl #buckets 4 coarsen threshold 1843 Howl Bitmap #cards 512 size 80 coarsen threshold 460 Card regions per heap region 1 cards per card region 2048
 CPUs: 8 total, 8 available
 Memory: 7995M
 Large Page Support: Disabled
 NUMA Support: Disabled
 Compressed Oops: Enabled (32-bit)
 Heap Region Size: 1M
 Heap Min Capacity: 8M
 Heap Initial Capacity: 126M
 Heap Max Capacity: 2000M
 Pre-touch: Disabled
 Parallel Workers: 8
 Concurrent Workers: 2
 Concurrent Refinement Workers: 8
 Periodic GC: Disabled
Heap:
 garbage-first heap   total 55296K, used 29667K [0x0000000083000000, 0x0000000100000000)
  region size 1024K, 5 young (5120K), 2 survivors (2048K)
 Metaspace       used 55044K, committed 55616K, reserved 1114112K
  class space    used 7298K, committed 7552K, reserved 1048576K
GC Heap History (20 events):
Event: 3.080 GC heap before
{Heap before GC invocations=0 (full 0):
 garbage-first heap   total 129024K, used 24576K [0x0000000083000000, 0x0000000100000000)
  region size 1024K, 23 young (23552K), 0 survivors (0K)
 Metaspace       used 4448K, committed 4672K, reserved 1114112K
  class space    used 500K, committed 576K, reserved 1048576K
}
Event: 3.085 GC heap after
{Heap after GC invocations=1 (full 0):
 garbage-first heap   total 129024K, used 8365K [0x0000000083000000, 0x0000000100000000)
  region size 1024K, 3 young (3072K), 3 survivors (3072K)
 Metaspace       used 4448K, committed 4672K, reserved 1114112K
  class space    used 500K, committed 576K, reserved 1048576K
}
Event: 6.410 GC heap before
{Heap before GC invocations=1 (full 0):
 garbage-first heap   total 129024K, used 37037K [0x0000000083000000, 0x0000000100000000)
  region size 1024K, 32 young (32768K), 3 survivors (3072K)
 Metaspace       used 12299K, committed 12608K, reserved 1114112K
  class space    used 1651K, committed 1792K, reserved 1048576K
}
Event: 6.432 GC heap after
{Heap after GC invocations=2 (full 0):
 garbage-first heap   total 129024K, used 10772K [0x0000000083000000, 0x0000000100000000)
  region size 1024K, 3 young (3072K), 3 survivors (3072K)
 Metaspace       used 12299K, committed 12608K, reserved 1114112K
  class space    used 1651K, committed 1792K, reserved 1048576K
}
Event: 8.169 GC heap before
{Heap before GC invocations=2 (full 0):
 garbage-first heap   total 129024K, used 46612K [0x0000000083000000, 0x0000000100000000)
  region size 1024K, 40 young (40960K), 3 survivors (3072K)
 Metaspace       used 21197K, committed 21504K, reserved 1114112K
  class space    used 2686K, committed 2816K, reserved 1048576K
}
Event: 8.176 GC heap after
{Heap after GC invocations=3 (full 0):
 garbage-first heap   total 129024K, used 14685K [0x0000000083000000, 0x0000000100000000)
  region size 1024K, 7 young (7168K), 7 survivors (7168K)
 Metaspace       used 21197K, committed 21504K, reserved 1114112K
  class space    used 2686K, committed 2816K, reserved 1048576K
}
Event: 9.772 GC heap before
{Heap before GC invocations=4 (full 0):
 garbage-first heap   total 55296K, used 40285K [0x0000000083000000, 0x0000000100000000)
  region size 1024K, 32 young (32768K), 7 survivors (7168K)
 Metaspace       used 23951K, committed 24320K, reserved 1114112K
  class space    used 3037K, committed 3200K, reserved 1048576K
}
Event: 9.782 GC heap after
{Heap after GC invocations=5 (full 0):
 garbage-first heap   total 55296K, used 16760K [0x0000000083000000, 0x0000000100000000)
  region size 1024K, 3 young (3072K), 3 survivors (3072K)
 Metaspace       used 23951K, committed 24320K, reserved 1114112K
  class space    used 3037K, committed 3200K, reserved 1048576K
}
Event: 11.805 GC heap before
{Heap before GC invocations=5 (full 0):
 garbage-first heap   total 55296K, used 42360K [0x0000000083000000, 0x0000000100000000)
  region size 1024K, 28 young (28672K), 3 survivors (3072K)
 Metaspace       used 27853K, committed 28224K, reserved 1114112K
  class space    used 3555K, committed 3712K, reserved 1048576K
}
Event: 11.813 GC heap after
{Heap after GC invocations=6 (full 0):
 garbage-first heap   total 55296K, used 18465K [0x0000000083000000, 0x0000000100000000)
  region size 1024K, 3 young (3072K), 3 survivors (3072K)
 Metaspace       used 27853K, committed 28224K, reserved 1114112K
  class space    used 3555K, committed 3712K, reserved 1048576K
}
Event: 13.233 GC heap before
{Heap before GC invocations=6 (full 0):
 garbage-first heap   total 55296K, used 43041K [0x0000000083000000, 0x0000000100000000)
  region size 1024K, 27 young (27648K), 3 survivors (3072K)
 Metaspace       used 32602K, committed 33152K, reserved 1114112K
  class space    used 4113K, committed 4352K, reserved 1048576K
}
Event: 13.239 GC heap after
{Heap after GC invocations=7 (full 0):
 garbage-first heap   total 55296K, used 21398K [0x0000000083000000, 0x0000000100000000)
  region size 1024K, 3 young (3072K), 3 survivors (3072K)
 Metaspace       used 32602K, committed 33152K, reserved 1114112K
  class space    used 4113K, committed 4352K, reserved 1048576K
}
Event: 14.419 GC heap before
{Heap before GC invocations=7 (full 0):
 garbage-first heap   total 55296K, used 33686K [0x0000000083000000, 0x0000000100000000)
  region size 1024K, 17 young (17408K), 3 survivors (3072K)
 Metaspace       used 35609K, committed 36160K, reserved 1114112K
  class space    used 4521K, committed 4800K, reserved 1048576K
}
Event: 14.425 GC heap after
{Heap after GC invocations=8 (full 0):
 garbage-first heap   total 55296K, used 22770K [0x0000000083000000, 0x0000000100000000)
  region size 1024K, 2 young (2048K), 2 survivors (2048K)
 Metaspace       used 35609K, committed 36160K, reserved 1114112K
  class space    used 4521K, committed 4800K, reserved 1048576K
}
Event: 16.105 GC heap before
{Heap before GC invocations=9 (full 0):
 garbage-first heap   total 55296K, used 44274K [0x0000000083000000, 0x0000000100000000)
  region size 1024K, 24 young (24576K), 2 survivors (2048K)
 Metaspace       used 41637K, committed 42176K, reserved 1114112K
  class space    used 5463K, committed 5696K, reserved 1048576K
}
Event: 16.110 GC heap after
{Heap after GC invocations=10 (full 0):
 garbage-first heap   total 55296K, used 24311K [0x0000000083000000, 0x0000000100000000)
  region size 1024K, 3 young (3072K), 3 survivors (3072K)
 Metaspace       used 41637K, committed 42176K, reserved 1114112K
  class space    used 5463K, committed 5696K, reserved 1048576K
}
Event: 17.831 GC heap before
{Heap before GC invocations=10 (full 0):
 garbage-first heap   total 55296K, used 46839K [0x0000000083000000, 0x0000000100000000)
  region size 1024K, 25 young (25600K), 3 survivors (3072K)
 Metaspace       used 48365K, committed 48960K, reserved 1114112K
  class space    used 6299K, committed 6528K, reserved 1048576K
}
Event: 17.837 GC heap after
{Heap after GC invocations=11 (full 0):
 garbage-first heap   total 55296K, used 26280K [0x0000000083000000, 0x0000000100000000)
  region size 1024K, 4 young (4096K), 4 survivors (4096K)
 Metaspace       used 48365K, committed 48960K, reserved 1114112K
  class space    used 6299K, committed 6528K, reserved 1048576K
}
Event: 19.599 GC heap before
{Heap before GC invocations=11 (full 0):
 garbage-first heap   total 55296K, used 45736K [0x0000000083000000, 0x0000000100000000)
  region size 1024K, 24 young (24576K), 4 survivors (4096K)
 Metaspace       used 54474K, committed 55040K, reserved 1114112K
  class space    used 7170K, committed 7424K, reserved 1048576K
}
Event: 19.604 GC heap after
{Heap after GC invocations=12 (full 0):
 garbage-first heap   total 55296K, used 27619K [0x0000000083000000, 0x0000000100000000)
  region size 1024K, 2 young (2048K), 2 survivors (2048K)
 Metaspace       used 54474K, committed 55040K, reserved 1114112K
  class space    used 7170K, committed 7424K, reserved 1048576K
}

